<?xml version="1.0" encoding="UTF-8"?>
<testsuites>
  <testsuite name="/root/git/lib/zod/phpunit.xml" tests="7" assertions="14" errors="0" failures="0" skipped="0" time="0.009725">
    <testsuite name="My Test Suite" tests="7" assertions="14" errors="0" failures="0" skipped="0" time="0.009725">
      <testsuite name="ErrorsTest" file="/root/git/lib/zod/__tests__/ErrorsTest.php" tests="7" assertions="14" errors="0" failures="0" skipped="0" time="0.009725">
        <testcase name="testPrimaryErrors" file="/root/git/lib/zod/__tests__/ErrorsTest.php" line="12" class="ErrorsTest" classname="ErrorsTest" assertions="2" time="0.006865"/>
        <testcase name="testEachErrors" file="/root/git/lib/zod/__tests__/ErrorsTest.php" line="36" class="ErrorsTest" classname="ErrorsTest" assertions="2" time="0.000630"/>
        <testcase name="testOptionsSingleErrors" file="/root/git/lib/zod/__tests__/ErrorsTest.php" line="61" class="ErrorsTest" classname="ErrorsTest" assertions="2" time="0.000333"/>
        <testcase name="testOptionsErrors" file="/root/git/lib/zod/__tests__/ErrorsTest.php" line="92" class="ErrorsTest" classname="ErrorsTest" assertions="2" time="0.000290"/>
        <testcase name="testEachOnOptionErrors" file="/root/git/lib/zod/__tests__/ErrorsTest.php" line="135" class="ErrorsTest" classname="ErrorsTest" assertions="2" time="0.000817"/>
        <testcase name="testOptionsNestedErrors" file="/root/git/lib/zod/__tests__/ErrorsTest.php" line="199" class="ErrorsTest" classname="ErrorsTest" assertions="2" time="0.000264"/>
        <testcase name="testOptionsNestedEachNestedOptions" file="/root/git/lib/zod/__tests__/ErrorsTest.php" line="248" class="ErrorsTest" classname="ErrorsTest" assertions="2" time="0.000525"/>
      </testsuite>
    </testsuite>
  </testsuite>
</testsuites>
